[0.110s] DEBUG:colcon:Command line arguments: ['/usr/bin/colcon', 'build', '--event-handlers', 'console_direct+', '--cmake-args', '-DCMAKE_BUILD_TYPE=Release']
[0.110s] DEBUG:colcon:Parsed command line arguments: Namespace(log_base=None, log_level=None, verb_name='build', build_base='build', install_base='install', merge_install=False, symlink_install=False, test_result_base=None, continue_on_error=False, executor='parallel', parallel_workers=16, event_handlers=['console_direct+'], ignore_user_meta=False, metas=['./colcon.meta'], base_paths=['.'], packages_ignore=None, packages_ignore_regex=None, paths=None, packages_up_to=None, packages_up_to_regex=None, packages_above=None, packages_above_and_dependencies=None, packages_above_depth=None, packages_select_by_dep=None, packages_skip_by_dep=None, packages_skip_up_to=None, packages_select_build_failed=False, packages_skip_build_finished=False, packages_select_test_failures=False, packages_skip_test_passed=False, packages_select=None, packages_skip=None, packages_select_regex=None, packages_skip_regex=None, packages_start=None, packages_end=None, cmake_args=['-DCMAKE_BUILD_TYPE=Release'], cmake_target=None, cmake_target_skip_unavailable=False, cmake_clean_cache=False, cmake_clean_first=False, cmake_force_configure=False, ament_cmake_args=None, catkin_cmake_args=None, catkin_skip_building_tests=False, mixin_files=None, mixin=None, verb_parser=<colcon_mixin.mixin.mixin_argument.MixinArgumentDecorator object at 0x79c8474c5cd0>, verb_extension=<colcon_core.verb.build.BuildVerb object at 0x79c8474c4fb0>, main=<bound method BuildVerb.main of <colcon_core.verb.build.BuildVerb object at 0x79c8474c4fb0>>, mixin_verb=('build',))
[0.147s] Level 1:colcon.colcon_core.package_discovery:discover_packages(colcon_meta) check parameters
[0.148s] INFO:colcon.colcon_metadata.package_discovery.colcon_meta:Using configuration from '/root/.colcon/metadata/default/Gazebo.meta'
[0.148s] INFO:colcon.colcon_metadata.package_discovery.colcon_meta:Using configuration from '/root/.colcon/metadata/default/fastdds.meta'
[0.148s] INFO:colcon.colcon_metadata.package_discovery.colcon_meta:Using configuration from '/root/.colcon/metadata/default/fastrtps.meta'
[0.148s] Level 1:colcon.colcon_core.package_discovery:discover_packages(recursive) check parameters
[0.149s] Level 1:colcon.colcon_core.package_discovery:discover_packages(ignore) check parameters
[0.149s] Level 1:colcon.colcon_core.package_discovery:discover_packages(path) check parameters
[0.149s] Level 1:colcon.colcon_core.package_discovery:discover_packages(colcon_meta) discover
[0.149s] Level 1:colcon.colcon_core.package_discovery:discover_packages(recursive) discover
[0.149s] INFO:colcon.colcon_core.package_discovery:Crawling recursively for packages in '/ros-jazzy-ros1-bridge'
[0.149s] Level 1:colcon.colcon_core.package_identification:_identify(.) by extensions ['ignore', 'ignore_ament_install']
[0.149s] Level 1:colcon.colcon_core.package_identification:_identify(.) by extension 'ignore'
[0.149s] Level 1:colcon.colcon_core.package_identification:_identify(.) by extension 'ignore_ament_install'
[0.149s] Level 1:colcon.colcon_core.package_identification:_identify(.) by extensions ['colcon_pkg']
[0.149s] Level 1:colcon.colcon_core.package_identification:_identify(.) by extension 'colcon_pkg'
[0.149s] Level 1:colcon.colcon_core.package_identification:_identify(.) by extensions ['colcon_meta']
[0.149s] Level 1:colcon.colcon_core.package_identification:_identify(.) by extension 'colcon_meta'
[0.149s] Level 1:colcon.colcon_core.package_identification:_identify(.) by extensions ['ros']
[0.149s] Level 1:colcon.colcon_core.package_identification:_identify(.) by extension 'ros'
[0.171s] Level 1:colcon.colcon_core.package_identification:_identify(.) by extensions ['cmake', 'python']
[0.171s] Level 1:colcon.colcon_core.package_identification:_identify(.) by extension 'cmake'
[0.171s] Level 1:colcon.colcon_core.package_identification:_identify(.) by extension 'python'
[0.171s] Level 1:colcon.colcon_core.package_identification:_identify(.) by extensions ['python_setup_py']
[0.171s] Level 1:colcon.colcon_core.package_identification:_identify(.) by extension 'python_setup_py'
[0.172s] Level 1:colcon.colcon_core.package_identification:_identify(build) by extensions ['ignore', 'ignore_ament_install']
[0.172s] Level 1:colcon.colcon_core.package_identification:_identify(build) by extension 'ignore'
[0.172s] Level 1:colcon.colcon_core.package_identification:_identify(build) ignored
[0.172s] Level 1:colcon.colcon_core.package_identification:_identify(install) by extensions ['ignore', 'ignore_ament_install']
[0.172s] Level 1:colcon.colcon_core.package_identification:_identify(install) by extension 'ignore'
[0.172s] Level 1:colcon.colcon_core.package_identification:_identify(install) ignored
[0.172s] Level 1:colcon.colcon_core.package_identification:_identify(log) by extensions ['ignore', 'ignore_ament_install']
[0.172s] Level 1:colcon.colcon_core.package_identification:_identify(log) by extension 'ignore'
[0.172s] Level 1:colcon.colcon_core.package_identification:_identify(log) ignored
[0.172s] Level 1:colcon.colcon_core.package_identification:_identify(src) by extensions ['ignore', 'ignore_ament_install']
[0.172s] Level 1:colcon.colcon_core.package_identification:_identify(src) by extension 'ignore'
[0.172s] Level 1:colcon.colcon_core.package_identification:_identify(src) by extension 'ignore_ament_install'
[0.172s] Level 1:colcon.colcon_core.package_identification:_identify(src) by extensions ['colcon_pkg']
[0.172s] Level 1:colcon.colcon_core.package_identification:_identify(src) by extension 'colcon_pkg'
[0.172s] Level 1:colcon.colcon_core.package_identification:_identify(src) by extensions ['colcon_meta']
[0.172s] Level 1:colcon.colcon_core.package_identification:_identify(src) by extension 'colcon_meta'
[0.172s] Level 1:colcon.colcon_core.package_identification:_identify(src) by extensions ['ros']
[0.172s] Level 1:colcon.colcon_core.package_identification:_identify(src) by extension 'ros'
[0.172s] Level 1:colcon.colcon_core.package_identification:_identify(src) by extensions ['cmake', 'python']
[0.172s] Level 1:colcon.colcon_core.package_identification:_identify(src) by extension 'cmake'
[0.173s] Level 1:colcon.colcon_core.package_identification:_identify(src) by extension 'python'
[0.173s] Level 1:colcon.colcon_core.package_identification:_identify(src) by extensions ['python_setup_py']
[0.173s] Level 1:colcon.colcon_core.package_identification:_identify(src) by extension 'python_setup_py'
[0.173s] Level 1:colcon.colcon_core.package_identification:_identify(src/ros1_bridge) by extensions ['ignore', 'ignore_ament_install']
[0.173s] Level 1:colcon.colcon_core.package_identification:_identify(src/ros1_bridge) by extension 'ignore'
[0.173s] Level 1:colcon.colcon_core.package_identification:_identify(src/ros1_bridge) by extension 'ignore_ament_install'
[0.173s] Level 1:colcon.colcon_core.package_identification:_identify(src/ros1_bridge) by extensions ['colcon_pkg']
[0.173s] Level 1:colcon.colcon_core.package_identification:_identify(src/ros1_bridge) by extension 'colcon_pkg'
[0.173s] Level 1:colcon.colcon_core.package_identification:_identify(src/ros1_bridge) by extensions ['colcon_meta']
[0.173s] Level 1:colcon.colcon_core.package_identification:_identify(src/ros1_bridge) by extension 'colcon_meta'
[0.173s] Level 1:colcon.colcon_core.package_identification:_identify(src/ros1_bridge) by extensions ['ros']
[0.173s] Level 1:colcon.colcon_core.package_identification:_identify(src/ros1_bridge) by extension 'ros'
[0.177s] DEBUG:colcon.colcon_core.package_identification:Package 'src/ros1_bridge' with type 'ros.ament_cmake' and name 'ros1_bridge'
[0.177s] Level 1:colcon.colcon_core.package_discovery:discover_packages(recursive) using defaults
[0.177s] Level 1:colcon.colcon_core.package_discovery:discover_packages(ignore) discover
[0.177s] Level 1:colcon.colcon_core.package_discovery:discover_packages(ignore) using defaults
[0.177s] Level 1:colcon.colcon_core.package_discovery:discover_packages(path) discover
[0.177s] Level 1:colcon.colcon_core.package_discovery:discover_packages(path) using defaults
[0.193s] Level 5:colcon.colcon_core.verb:set package 'ros1_bridge' build argument 'cmake_args' from command line to '['-DCMAKE_BUILD_TYPE=Release']'
[0.193s] Level 5:colcon.colcon_core.verb:set package 'ros1_bridge' build argument 'cmake_target' from command line to 'None'
[0.193s] Level 5:colcon.colcon_core.verb:set package 'ros1_bridge' build argument 'cmake_target_skip_unavailable' from command line to 'False'
[0.193s] Level 5:colcon.colcon_core.verb:set package 'ros1_bridge' build argument 'cmake_clean_cache' from command line to 'False'
[0.193s] Level 5:colcon.colcon_core.verb:set package 'ros1_bridge' build argument 'cmake_clean_first' from command line to 'False'
[0.193s] Level 5:colcon.colcon_core.verb:set package 'ros1_bridge' build argument 'cmake_force_configure' from command line to 'False'
[0.193s] Level 5:colcon.colcon_core.verb:set package 'ros1_bridge' build argument 'ament_cmake_args' from command line to 'None'
[0.193s] Level 5:colcon.colcon_core.verb:set package 'ros1_bridge' build argument 'catkin_cmake_args' from command line to 'None'
[0.193s] Level 5:colcon.colcon_core.verb:set package 'ros1_bridge' build argument 'catkin_skip_building_tests' from command line to 'False'
[0.193s] DEBUG:colcon.colcon_core.verb:Building package 'ros1_bridge' with the following arguments: {'ament_cmake_args': None, 'build_base': '/ros-jazzy-ros1-bridge/build/ros1_bridge', 'catkin_cmake_args': None, 'catkin_skip_building_tests': False, 'cmake_args': ['-DCMAKE_BUILD_TYPE=Release'], 'cmake_clean_cache': False, 'cmake_clean_first': False, 'cmake_force_configure': False, 'cmake_target': None, 'cmake_target_skip_unavailable': False, 'install_base': '/ros-jazzy-ros1-bridge/install/ros1_bridge', 'merge_install': False, 'path': '/ros-jazzy-ros1-bridge/src/ros1_bridge', 'symlink_install': False, 'test_result_base': None}
[0.193s] INFO:colcon.colcon_core.executor:Executing jobs using 'parallel' executor
[0.194s] DEBUG:colcon.colcon_parallel_executor.executor.parallel:run_until_complete
[0.194s] INFO:colcon.colcon_ros.task.ament_cmake.build:Building ROS package in '/ros-jazzy-ros1-bridge/src/ros1_bridge' with build type 'ament_cmake'
[0.194s] INFO:colcon.colcon_cmake.task.cmake.build:Building CMake package in '/ros-jazzy-ros1-bridge/src/ros1_bridge'
[0.196s] INFO:colcon.colcon_core.plugin_system:Skipping extension 'colcon_core.shell.bat': Not used on non-Windows systems
[0.197s] INFO:colcon.colcon_core.shell:Skip shell extension 'powershell' for command environment: Not usable outside of PowerShell
[0.197s] DEBUG:colcon.colcon_core.shell:Skip shell extension 'dsv' for command environment
[0.200s] DEBUG:colcon.colcon_core.shell:Ignoring prefix path '/opt/ros/noetic'
[0.208s] DEBUG:colcon.colcon_core.event_handler.log_command:Invoking command in '/ros-jazzy-ros1-bridge/build/ros1_bridge': CMAKE_PREFIX_PATH=/opt/ros/jazzy/opt/gz_math_vendor:/opt/ros/jazzy/opt/gz_utils_vendor:/opt/ros/jazzy/opt/gz_cmake_vendor:/opt/ros/jazzy:/opt/ros/noetic /usr/bin/cmake /ros-jazzy-ros1-bridge/src/ros1_bridge -DCMAKE_BUILD_TYPE=Release -DCMAKE_INSTALL_PREFIX=/ros-jazzy-ros1-bridge/install/ros1_bridge
[9.521s] DEBUG:colcon.colcon_core.event_handler.log_command:Invoked command in '/ros-jazzy-ros1-bridge/build/ros1_bridge' returned '0': CMAKE_PREFIX_PATH=/opt/ros/jazzy/opt/gz_math_vendor:/opt/ros/jazzy/opt/gz_utils_vendor:/opt/ros/jazzy/opt/gz_cmake_vendor:/opt/ros/jazzy:/opt/ros/noetic /usr/bin/cmake /ros-jazzy-ros1-bridge/src/ros1_bridge -DCMAKE_BUILD_TYPE=Release -DCMAKE_INSTALL_PREFIX=/ros-jazzy-ros1-bridge/install/ros1_bridge
[9.525s] DEBUG:colcon.colcon_core.event_handler.log_command:Invoking command in '/ros-jazzy-ros1-bridge/build/ros1_bridge': CMAKE_PREFIX_PATH=/opt/ros/jazzy/opt/gz_math_vendor:/opt/ros/jazzy/opt/gz_utils_vendor:/opt/ros/jazzy/opt/gz_cmake_vendor:/opt/ros/jazzy:/opt/ros/noetic /usr/bin/cmake --build /ros-jazzy-ros1-bridge/build/ros1_bridge
[460.465s] DEBUG:colcon.colcon_core.event_handler.log_command:Invoked command in '/ros-jazzy-ros1-bridge/build/ros1_bridge' returned '0': CMAKE_PREFIX_PATH=/opt/ros/jazzy/opt/gz_math_vendor:/opt/ros/jazzy/opt/gz_utils_vendor:/opt/ros/jazzy/opt/gz_cmake_vendor:/opt/ros/jazzy:/opt/ros/noetic /usr/bin/cmake --build /ros-jazzy-ros1-bridge/build/ros1_bridge
[460.512s] DEBUG:colcon.colcon_core.event_handler.log_command:Invoking command in '/ros-jazzy-ros1-bridge/build/ros1_bridge': CMAKE_PREFIX_PATH=/opt/ros/jazzy/opt/gz_math_vendor:/opt/ros/jazzy/opt/gz_utils_vendor:/opt/ros/jazzy/opt/gz_cmake_vendor:/opt/ros/jazzy:/opt/ros/noetic /usr/bin/cmake --install /ros-jazzy-ros1-bridge/build/ros1_bridge
[460.761s] Level 1:colcon.colcon_core.environment:create_environment_scripts_only(ros1_bridge)
[460.773s] DEBUG:colcon.colcon_core.event_handler.log_command:Invoked command in '/ros-jazzy-ros1-bridge/build/ros1_bridge' returned '0': CMAKE_PREFIX_PATH=/opt/ros/jazzy/opt/gz_math_vendor:/opt/ros/jazzy/opt/gz_utils_vendor:/opt/ros/jazzy/opt/gz_cmake_vendor:/opt/ros/jazzy:/opt/ros/noetic /usr/bin/cmake --install /ros-jazzy-ros1-bridge/build/ros1_bridge
[460.795s] Level 1:colcon.colcon_core.environment:checking '/ros-jazzy-ros1-bridge/install/ros1_bridge' for CMake module files
[460.797s] Level 1:colcon.colcon_core.environment:checking '/ros-jazzy-ros1-bridge/install/ros1_bridge' for CMake config files
[460.798s] Level 1:colcon.colcon_core.shell:create_environment_hook('ros1_bridge', 'cmake_prefix_path')
[460.799s] INFO:colcon.colcon_core.shell:Creating environment hook '/ros-jazzy-ros1-bridge/install/ros1_bridge/share/ros1_bridge/hook/cmake_prefix_path.ps1'
[460.809s] INFO:colcon.colcon_core.shell:Creating environment descriptor '/ros-jazzy-ros1-bridge/install/ros1_bridge/share/ros1_bridge/hook/cmake_prefix_path.dsv'
[460.810s] INFO:colcon.colcon_core.shell:Creating environment hook '/ros-jazzy-ros1-bridge/install/ros1_bridge/share/ros1_bridge/hook/cmake_prefix_path.sh'
[460.814s] Level 1:colcon.colcon_core.environment:checking '/ros-jazzy-ros1-bridge/install/ros1_bridge/lib'
[460.814s] Level 1:colcon.colcon_core.shell:create_environment_hook('ros1_bridge', 'ld_library_path_lib')
[460.815s] INFO:colcon.colcon_core.shell:Creating environment hook '/ros-jazzy-ros1-bridge/install/ros1_bridge/share/ros1_bridge/hook/ld_library_path_lib.ps1'
[460.815s] INFO:colcon.colcon_core.shell:Creating environment descriptor '/ros-jazzy-ros1-bridge/install/ros1_bridge/share/ros1_bridge/hook/ld_library_path_lib.dsv'
[460.816s] INFO:colcon.colcon_core.shell:Creating environment hook '/ros-jazzy-ros1-bridge/install/ros1_bridge/share/ros1_bridge/hook/ld_library_path_lib.sh'
[460.816s] Level 1:colcon.colcon_core.environment:checking '/ros-jazzy-ros1-bridge/install/ros1_bridge/bin'
[460.816s] Level 1:colcon.colcon_core.environment:checking '/ros-jazzy-ros1-bridge/install/ros1_bridge/lib/pkgconfig/ros1_bridge.pc'
[460.841s] Level 1:colcon.colcon_core.environment:checking '/ros-jazzy-ros1-bridge/install/ros1_bridge/lib/python3.12/site-packages'
[460.842s] Level 1:colcon.colcon_core.shell:create_environment_hook('ros1_bridge', 'pythonpath')
[460.842s] INFO:colcon.colcon_core.shell:Creating environment hook '/ros-jazzy-ros1-bridge/install/ros1_bridge/share/ros1_bridge/hook/pythonpath.ps1'
[460.843s] INFO:colcon.colcon_core.shell:Creating environment descriptor '/ros-jazzy-ros1-bridge/install/ros1_bridge/share/ros1_bridge/hook/pythonpath.dsv'
[460.843s] INFO:colcon.colcon_core.shell:Creating environment hook '/ros-jazzy-ros1-bridge/install/ros1_bridge/share/ros1_bridge/hook/pythonpath.sh'
[460.843s] Level 1:colcon.colcon_core.environment:checking '/ros-jazzy-ros1-bridge/install/ros1_bridge/bin'
[460.844s] INFO:colcon.colcon_core.shell:Creating package script '/ros-jazzy-ros1-bridge/install/ros1_bridge/share/ros1_bridge/package.ps1'
[460.845s] INFO:colcon.colcon_core.shell:Creating package descriptor '/ros-jazzy-ros1-bridge/install/ros1_bridge/share/ros1_bridge/package.dsv'
[460.846s] INFO:colcon.colcon_core.shell:Creating package script '/ros-jazzy-ros1-bridge/install/ros1_bridge/share/ros1_bridge/package.sh'
[460.846s] INFO:colcon.colcon_core.shell:Creating package script '/ros-jazzy-ros1-bridge/install/ros1_bridge/share/ros1_bridge/package.bash'
[460.847s] INFO:colcon.colcon_core.shell:Creating package script '/ros-jazzy-ros1-bridge/install/ros1_bridge/share/ros1_bridge/package.zsh'
[460.848s] Level 1:colcon.colcon_core.environment:create_file_with_runtime_dependencies(/ros-jazzy-ros1-bridge/install/ros1_bridge/share/colcon-core/packages/ros1_bridge)
[460.852s] Level 1:colcon.colcon_core.environment:create_environment_scripts_only(ros1_bridge)
[460.852s] Level 1:colcon.colcon_core.environment:checking '/ros-jazzy-ros1-bridge/install/ros1_bridge' for CMake module files
[460.853s] Level 1:colcon.colcon_core.environment:checking '/ros-jazzy-ros1-bridge/install/ros1_bridge' for CMake config files
[460.854s] Level 1:colcon.colcon_core.shell:create_environment_hook('ros1_bridge', 'cmake_prefix_path')
[460.854s] INFO:colcon.colcon_core.shell:Creating environment hook '/ros-jazzy-ros1-bridge/install/ros1_bridge/share/ros1_bridge/hook/cmake_prefix_path.ps1'
[460.854s] INFO:colcon.colcon_core.shell:Creating environment descriptor '/ros-jazzy-ros1-bridge/install/ros1_bridge/share/ros1_bridge/hook/cmake_prefix_path.dsv'
[460.854s] INFO:colcon.colcon_core.shell:Creating environment hook '/ros-jazzy-ros1-bridge/install/ros1_bridge/share/ros1_bridge/hook/cmake_prefix_path.sh'
[460.855s] Level 1:colcon.colcon_core.environment:checking '/ros-jazzy-ros1-bridge/install/ros1_bridge/lib'
[460.855s] Level 1:colcon.colcon_core.shell:create_environment_hook('ros1_bridge', 'ld_library_path_lib')
[460.855s] INFO:colcon.colcon_core.shell:Creating environment hook '/ros-jazzy-ros1-bridge/install/ros1_bridge/share/ros1_bridge/hook/ld_library_path_lib.ps1'
[460.855s] INFO:colcon.colcon_core.shell:Creating environment descriptor '/ros-jazzy-ros1-bridge/install/ros1_bridge/share/ros1_bridge/hook/ld_library_path_lib.dsv'
[460.855s] INFO:colcon.colcon_core.shell:Creating environment hook '/ros-jazzy-ros1-bridge/install/ros1_bridge/share/ros1_bridge/hook/ld_library_path_lib.sh'
[460.856s] Level 1:colcon.colcon_core.environment:checking '/ros-jazzy-ros1-bridge/install/ros1_bridge/bin'
[460.856s] Level 1:colcon.colcon_core.environment:checking '/ros-jazzy-ros1-bridge/install/ros1_bridge/lib/pkgconfig/ros1_bridge.pc'
[460.856s] Level 1:colcon.colcon_core.environment:checking '/ros-jazzy-ros1-bridge/install/ros1_bridge/lib/python3.12/site-packages'
[460.856s] Level 1:colcon.colcon_core.shell:create_environment_hook('ros1_bridge', 'pythonpath')
[460.856s] INFO:colcon.colcon_core.shell:Creating environment hook '/ros-jazzy-ros1-bridge/install/ros1_bridge/share/ros1_bridge/hook/pythonpath.ps1'
[460.857s] INFO:colcon.colcon_core.shell:Creating environment descriptor '/ros-jazzy-ros1-bridge/install/ros1_bridge/share/ros1_bridge/hook/pythonpath.dsv'
[460.857s] INFO:colcon.colcon_core.shell:Creating environment hook '/ros-jazzy-ros1-bridge/install/ros1_bridge/share/ros1_bridge/hook/pythonpath.sh'
[460.858s] Level 1:colcon.colcon_core.environment:checking '/ros-jazzy-ros1-bridge/install/ros1_bridge/bin'
[460.858s] INFO:colcon.colcon_core.shell:Creating package script '/ros-jazzy-ros1-bridge/install/ros1_bridge/share/ros1_bridge/package.ps1'
[460.858s] INFO:colcon.colcon_core.shell:Creating package descriptor '/ros-jazzy-ros1-bridge/install/ros1_bridge/share/ros1_bridge/package.dsv'
[460.859s] INFO:colcon.colcon_core.shell:Creating package script '/ros-jazzy-ros1-bridge/install/ros1_bridge/share/ros1_bridge/package.sh'
[460.859s] INFO:colcon.colcon_core.shell:Creating package script '/ros-jazzy-ros1-bridge/install/ros1_bridge/share/ros1_bridge/package.bash'
[460.859s] INFO:colcon.colcon_core.shell:Creating package script '/ros-jazzy-ros1-bridge/install/ros1_bridge/share/ros1_bridge/package.zsh'
[460.860s] Level 1:colcon.colcon_core.environment:create_file_with_runtime_dependencies(/ros-jazzy-ros1-bridge/install/ros1_bridge/share/colcon-core/packages/ros1_bridge)
[460.861s] DEBUG:colcon.colcon_parallel_executor.executor.parallel:closing loop
[460.862s] DEBUG:colcon.colcon_parallel_executor.executor.parallel:loop closed
[460.862s] DEBUG:colcon.colcon_parallel_executor.executor.parallel:run_until_complete finished with '0'
[460.862s] DEBUG:colcon.colcon_core.event_reactor:joining thread
[460.942s] INFO:colcon.colcon_core.plugin_system:Skipping extension 'colcon_notification.desktop_notification.notify_send': Could not find 'notify-send'
[460.942s] INFO:colcon.colcon_core.plugin_system:Skipping extension 'colcon_notification.desktop_notification.terminal_notifier': Not used on non-Darwin systems
[460.942s] INFO:colcon.colcon_core.plugin_system:Skipping extension 'colcon_notification.desktop_notification.win32': Not used on non-Windows systems
[460.942s] INFO:colcon.colcon_notification.desktop_notification:Sending desktop notification using 'notify2'
[460.942s] DEBUG:colcon.colcon_notification.desktop_notification.notify2:Failed to initialize notify2: org.freedesktop.DBus.Error.NotSupported: Unable to autolaunch a dbus-daemon without a $DISPLAY for X11
[460.942s] DEBUG:colcon.colcon_core.event_reactor:joined thread
[460.944s] INFO:colcon.colcon_core.shell:Creating prefix script '/ros-jazzy-ros1-bridge/install/local_setup.ps1'
[460.945s] INFO:colcon.colcon_core.shell:Creating prefix util module '/ros-jazzy-ros1-bridge/install/_local_setup_util_ps1.py'
[460.946s] INFO:colcon.colcon_core.shell:Creating prefix chain script '/ros-jazzy-ros1-bridge/install/setup.ps1'
[460.948s] INFO:colcon.colcon_core.shell:Creating prefix script '/ros-jazzy-ros1-bridge/install/local_setup.sh'
[460.948s] INFO:colcon.colcon_core.shell:Creating prefix util module '/ros-jazzy-ros1-bridge/install/_local_setup_util_sh.py'
[460.948s] INFO:colcon.colcon_core.shell:Creating prefix chain script '/ros-jazzy-ros1-bridge/install/setup.sh'
[460.949s] INFO:colcon.colcon_core.shell:Creating prefix script '/ros-jazzy-ros1-bridge/install/local_setup.bash'
[460.950s] INFO:colcon.colcon_core.shell:Creating prefix chain script '/ros-jazzy-ros1-bridge/install/setup.bash'
[460.951s] INFO:colcon.colcon_core.shell:Creating prefix script '/ros-jazzy-ros1-bridge/install/local_setup.zsh'
[460.951s] INFO:colcon.colcon_core.shell:Creating prefix chain script '/ros-jazzy-ros1-bridge/install/setup.zsh'
